<?xml version="1.0" encoding="UTF-8"?>
<!-- Generated by org.testng.reporters.JUnitReportReporter -->
<testsuite hostname="BOOK-CEISV55VFI" failures="0" tests="1" name="com.testngcode_8thApr_2023.Parameterize_Rediff" time="11.390" errors="0" timestamp="2023-04-12T15:17:39 WET" skipped="0">
  <testcase classname="com.testngcode_8thApr_2023.Parameterize_Rediff" name="rediffLogin" time="11.390"/>
  <system-out/>
</testsuite> <!-- com.testngcode_8thApr_2023.Parameterize_Rediff -->
