<?xml version="1.0" encoding="UTF-8"?>
<!-- Generated by org.testng.reporters.JUnitReportReporter -->
<testsuite hostname="BOOK-CEISV55VFI" failures="0" tests="2" name="com.automationcode_Applying_Inheritance_9thApr_2023.SearchProductTest" time="21.709" errors="0" timestamp="2023-04-18T16:36:54 WET" skipped="0">
  <testcase classname="com.automationcode_Applying_Inheritance_9thApr_2023.SearchProductTest" name="validProductSearchTest" time="8.749"/>
  <system-out/>
  <testcase classname="com.automationcode_Applying_Inheritance_9thApr_2023.SearchProductTest" name="invalidProductSearchTest" time="12.960"/>
  <system-out/>
</testsuite> <!-- com.automationcode_Applying_Inheritance_9thApr_2023.SearchProductTest -->
