<?xml version="1.0" encoding="UTF-8"?>
<!-- Generated by org.testng.reporters.JUnitReportReporter -->
<testsuite hostname="BOOK-CEISV55VFI" failures="0" tests="3" name="com.automationcode_25thMar_2023.cssSelectors_Practice_inRediff" time="38.374" errors="0" timestamp="2023-03-28T17:20:48 WET" skipped="0">
  <testcase classname="com.automationcode_25thMar_2023.cssSelectors_Practice_inRediff" name="loginCredentials" time="10.806"/>
  <system-out/>
  <testcase classname="com.automationcode_25thMar_2023.cssSelectors_Practice_inRediff" name="logOut" time="19.806"/>
  <system-out/>
  <testcase classname="com.automationcode_25thMar_2023.cssSelectors_Practice_inRediff" name="clickOnSignInLink" time="7.762"/>
  <system-out/>
</testsuite> <!-- com.automationcode_25thMar_2023.cssSelectors_Practice_inRediff -->
