<?xml version="1.0" encoding="UTF-8"?>
<!-- Generated by org.testng.reporters.JUnitReportReporter -->
<testsuite hostname="BOOK-CEISV55VFI" failures="0" tests="1" name="com.automationcode_ExtentReports_16thApr_2023.TNRegisterTest" time="18.364" errors="0" timestamp="2023-05-07T10:11:23 EDT" skipped="0">
  <testcase classname="com.automationcode_ExtentReports_16thApr_2023.TNRegisterTest" name="registerPage" time="18.364"/>
  <system-out/>
</testsuite> <!-- com.automationcode_ExtentReports_16thApr_2023.TNRegisterTest -->
