<?xml version="1.0" encoding="UTF-8"?>
<!-- Generated by org.testng.reporters.JUnitReportReporter -->
<testsuite hostname="BOOK-CEISV55VFI" failures="0" tests="1" name="com.filehandling_8thApr_2023.Assignement_For_Rediff_ReadingFromProperties" time="19.775" errors="0" timestamp="2023-04-13T17:47:59 WET" skipped="0">
  <testcase classname="com.filehandling_8thApr_2023.Assignement_For_Rediff_ReadingFromProperties" name="rediffLogin" time="19.775"/>
  <system-out/>
</testsuite> <!-- com.filehandling_8thApr_2023.Assignement_For_Rediff_ReadingFromProperties -->
