<?xml version="1.0" encoding="UTF-8"?>
<!-- Generated by org.testng.reporters.JUnitReportReporter -->
<testsuite hostname="BOOK-CEISV55VFI" failures="0" tests="1" name="com.testngcode_8thApr_2023.TutorialsNinjaLoginTest" time="14.187" errors="0" timestamp="2023-04-11T17:33:57 WET" skipped="0">
  <testcase classname="com.testngcode_8thApr_2023.TutorialsNinjaLoginTest" name="rediffLogin" time="14.187"/>
  <system-out/>
</testsuite> <!-- com.testngcode_8thApr_2023.TutorialsNinjaLoginTest -->
