<?xml version="1.0" encoding="UTF-8"?>
<!-- Generated by org.testng.reporters.JUnitReportReporter -->
<testsuite hostname="BOOK-CEISV55VFI" failures="0" tests="1" name="com.filehandling_8thApr_2023.Reading_From_Properties_File" time="11.273" errors="0" timestamp="2023-04-13T14:06:19 WET" skipped="0">
  <testcase classname="com.filehandling_8thApr_2023.Reading_From_Properties_File" name="rediffLogin" time="11.273"/>
  <system-out/>
</testsuite> <!-- com.filehandling_8thApr_2023.Reading_From_Properties_File -->
