<?xml version="1.0" encoding="UTF-8"?>
<!-- Generated by org.testng.reporters.JUnitReportReporter -->
<testsuite hostname="BOOK-CEISV55VFI" failures="0" tests="1" name="com.filehandling_8thApr_2023.Assignment_Excel_Sheet" time="0.000" errors="0" timestamp="2023-04-14T17:00:17 WET" skipped="1">
  <testcase classname="com.filehandling_8thApr_2023.Assignment_Excel_Sheet" name="tnLogin" time="0.000">
    <skipped/>
  </testcase> <!-- tnLogin -->
  <system-out/>
</testsuite> <!-- com.filehandling_8thApr_2023.Assignment_Excel_Sheet -->
