<?xml version="1.0" encoding="UTF-8"?>
<!-- Generated by org.testng.reporters.JUnitReportReporter -->
<testsuite hostname="BOOK-CEISV55VFI" failures="0" tests="4" name="com.automationcode_18thMar_2023.Tutorials_Ninja_Practiss" time="19.595" errors="0" timestamp="2023-03-21T12:44:06 WET" skipped="0">
  <testcase classname="com.automationcode_18thMar_2023.Tutorials_Ninja_Practiss" name="clickOnMyAccount" time="3.217"/>
  <system-out/>
  <testcase classname="com.automationcode_18thMar_2023.Tutorials_Ninja_Practiss" name="clickOnLoginLink" time="6.398"/>
  <system-out/>
  <testcase classname="com.automationcode_18thMar_2023.Tutorials_Ninja_Practiss" name="enterLoginCridentials" time="4.914"/>
  <system-out/>
  <testcase classname="com.automationcode_18thMar_2023.Tutorials_Ninja_Practiss" name="clickOnLogoutLink" time="5.066"/>
  <system-out/>
</testsuite> <!-- com.automationcode_18thMar_2023.Tutorials_Ninja_Practiss -->
