<?xml version="1.0" encoding="UTF-8"?>
<!-- Generated by org.testng.reporters.JUnitReportReporter -->
<testsuite hostname="BOOK-CEISV55VFI" failures="0" tests="1" name="com.automationcode_15thApr_2023.TutorialsNinjaListenerLoginTest" time="8.076" errors="0" timestamp="2023-05-01T14:36:59 EDT" skipped="0">
  <testcase classname="com.automationcode_15thApr_2023.TutorialsNinjaListenerLoginTest" name="enterLoginCredentials" time="8.076"/>
  <system-out/>
</testsuite> <!-- com.automationcode_15thApr_2023.TutorialsNinjaListenerLoginTest -->
