<?xml version="1.0" encoding="UTF-8"?>
<!-- Generated by org.testng.reporters.JUnitReportReporter -->
<testsuite hostname="BOOK-CEISV55VFI" failures="0" tests="1" name="learningtestNG.Assignement_1" time="6.090" errors="0" timestamp="2023-03-19T12:01:19 WET" skipped="0">
  <testcase classname="learningtestNG.Assignement_1" name="understandingWebElementsTutorialsNinja" time="6.090"/>
  <system-out/>
</testsuite> <!-- learningtestNG.Assignement_1 -->
