<?xml version="1.0" encoding="UTF-8"?>
<!-- Generated by org.testng.reporters.JUnitReportReporter -->
<testsuite hostname="BOOK-CEISV55VFI" failures="0" tests="1" name="com.testngcode_8thApr_2023.Parameterize_TN" time="21.882" errors="0" timestamp="2023-04-12T15:07:47 WET" skipped="0">
  <testcase classname="com.testngcode_8thApr_2023.Parameterize_TN" name="rediffLogin" time="21.882"/>
  <system-out/>
</testsuite> <!-- com.testngcode_8thApr_2023.Parameterize_TN -->
