<?xml version="1.0" encoding="UTF-8"?>
<!-- Generated by org.testng.reporters.JUnitReportReporter -->
<testsuite hostname="BOOK-CEISV55VFI" failures="0" tests="1" name="com.automationcode_18thMar_2023.Tutorials_ninja_registration_practice" time="17.840" errors="0" timestamp="2023-03-21T18:24:21 WET" skipped="0">
  <testcase classname="com.automationcode_18thMar_2023.Tutorials_ninja_registration_practice" name="confirmRegisterCridentials" time="17.840"/>
  <system-out/>
</testsuite> <!-- com.automationcode_18thMar_2023.Tutorials_ninja_registration_practice -->
