<?xml version="1.0" encoding="UTF-8"?>
<!-- Generated by org.testng.reporters.JUnitReportReporter -->
<testsuite hostname="BOOK-CEISV55VFI" failures="0" tests="1" name="com.filehandling_creation_validation_Excel_Sheet_8thApr_2023.TN_Register_Validate" time="0.000" errors="0" timestamp="2023-04-14T18:23:18 WET" skipped="1">
  <testcase classname="com.filehandling_creation_validation_Excel_Sheet_8thApr_2023.TN_Register_Validate" name="rediffLogin" time="0.000">
    <skipped/>
  </testcase> <!-- rediffLogin -->
  <system-out/>
</testsuite> <!-- com.filehandling_creation_validation_Excel_Sheet_8thApr_2023.TN_Register_Validate -->
