<?xml version="1.0" encoding="UTF-8"?>
<!-- Generated by org.testng.reporters.JUnitReportReporter -->
<testsuite hostname="BOOK-CEISV55VFI" failures="0" tests="1" name="com.automationcode_1stApr_2023.Actions_Mouse_Keyboard" time="6.485" errors="0" timestamp="2023-04-06T14:35:23 WET" skipped="0">
  <testcase classname="com.automationcode_1stApr_2023.Actions_Mouse_Keyboard" name="mouseActionsTest" time="6.485"/>
  <system-out/>
</testsuite> <!-- com.automationcode_1stApr_2023.Actions_Mouse_Keyboard -->
