<?xml version="1.0" encoding="UTF-8"?>
<!-- Generated by org.testng.reporters.JUnitReportReporter -->
<testsuite hostname="BOOK-CEISV55VFI" failures="0" tests="1" name="Facebook_DropDown" time="12.152" errors="0" timestamp="2023-03-27T13:58:21 WET" skipped="0">
  <testcase classname="Facebook_DropDown" name="dropDownTest" time="12.152"/>
  <system-out/>
</testsuite> <!-- Facebook_DropDown -->
