<?xml version="1.0" encoding="UTF-8"?>
<!-- Generated by org.testng.reporters.JUnitReportReporter -->
<testsuite hostname="BOOK-CEISV55VFI" failures="0" tests="1" name="com.automationcode_25thMar_2023.Advanced_Xpaths" time="6.283" errors="0" timestamp="2023-03-28T15:25:52 WET" skipped="0">
  <testcase classname="com.automationcode_25thMar_2023.Advanced_Xpaths" name="clickOnMyAccountLink" time="6.283"/>
  <system-out/>
</testsuite> <!-- com.automationcode_25thMar_2023.Advanced_Xpaths -->
