<?xml version="1.0" encoding="UTF-8"?>
<!-- Generated by org.testng.reporters.JUnitReportReporter -->
<testsuite hostname="BOOK-CEISV55VFI" failures="0" tests="2" name="com.automationcode_19thMar_2023.Facebook_xpath" time="9.139" errors="0" timestamp="2023-03-27T11:31:38 WET" skipped="0">
  <testcase classname="com.automationcode_19thMar_2023.Facebook_xpath" name="clickOnCreatNewAccount" time="2.297"/>
  <system-out/>
  <testcase classname="com.automationcode_19thMar_2023.Facebook_xpath" name="createNewAccountDetailsPage" time="6.842"/>
  <system-out/>
</testsuite> <!-- com.automationcode_19thMar_2023.Facebook_xpath -->
