<?xml version="1.0" encoding="UTF-8"?>
<!-- Generated by org.testng.reporters.JUnitReportReporter -->
<testsuite hostname="BOOK-CEISV55VFI" failures="0" tests="7" name="com.testngcode_18thMar.InvocationCountUse" time="0.015" errors="0" timestamp="2023-03-20T18:34:27 WET" skipped="0">
  <testcase classname="com.testngcode_18thMar.InvocationCountUse" name="sample1" time="0.009"/>
  <system-out/>
  <testcase classname="com.testngcode_18thMar.InvocationCountUse" name="sample2" time="0.001"/>
  <system-out/>
  <testcase classname="com.testngcode_18thMar.InvocationCountUse" name="sample3" time="0.001"/>
  <system-out/>
  <testcase classname="com.testngcode_18thMar.InvocationCountUse" name="sample3" time="0.000"/>
  <system-out/>
  <testcase classname="com.testngcode_18thMar.InvocationCountUse" name="sample3" time="0.001"/>
  <system-out/>
  <testcase classname="com.testngcode_18thMar.InvocationCountUse" name="sample3" time="0.001"/>
  <system-out/>
  <testcase classname="com.testngcode_18thMar.InvocationCountUse" name="sample3" time="0.002"/>
  <system-out/>
</testsuite> <!-- com.testngcode_18thMar.InvocationCountUse -->
