<?xml version="1.0" encoding="UTF-8"?>
<!-- Generated by org.testng.reporters.JUnitReportReporter -->
<testsuite hostname="BOOK-CEISV55VFI" failures="0" tests="2" name="com.automationcode_19thMar_2023.Xpath_practice" time="11.190" errors="0" timestamp="2023-03-23T15:05:52 WET" skipped="0">
  <testcase classname="com.automationcode_19thMar_2023.Xpath_practice" name="enterCridentialOnLoginLink" time="3.535"/>
  <system-out/>
  <testcase classname="com.automationcode_19thMar_2023.Xpath_practice" name="CreatAccountOnRegister" time="7.655"/>
  <system-out/>
</testsuite> <!-- com.automationcode_19thMar_2023.Xpath_practice -->
